TN:
SF:src/models/Cliente.js
FN:16,(anonymous_0)
FN:51,(anonymous_1)
FN:70,(anonymous_2)
FN:74,(anonymous_3)
FN:79,(anonymous_4)
FN:83,(anonymous_5)
FN:88,(anonymous_6)
FN:92,(anonymous_7)
FN:97,(anonymous_8)
FNF:9
FNH:7
FNDA:6,(anonymous_0)
FNDA:0,(anonymous_1)
FNDA:2,(anonymous_2)
FNDA:1,(anonymous_3)
FNDA:2,(anonymous_4)
FNDA:1,(anonymous_5)
FNDA:2,(anonymous_6)
FNDA:1,(anonymous_7)
FNDA:0,(anonymous_8)
DA:1,1
DA:2,1
DA:3,1
DA:9,1
DA:18,6
DA:20,6
DA:25,0
DA:28,0
DA:31,0
DA:34,0
DA:35,0
DA:36,0
DA:38,0
DA:39,0
DA:42,0
DA:43,0
DA:44,0
DA:46,0
DA:47,0
DA:49,0
DA:51,0
DA:70,1
DA:71,2
DA:74,1
DA:75,1
DA:76,1
DA:79,1
DA:80,2
DA:83,1
DA:84,1
DA:85,1
DA:88,1
DA:89,2
DA:92,1
DA:93,1
DA:94,1
DA:97,1
DA:98,0
DA:102,1
DA:104,1
LF:40
LH:24
BRDA:18,0,0,6
BRDA:18,0,1,0
BRDA:28,1,0,0
BRDA:28,1,1,0
BRDA:31,2,0,0
BRDA:31,2,1,0
BRDA:39,3,0,0
BRDA:39,3,1,0
BRDA:47,4,0,0
BRDA:47,4,1,0
BRDA:49,5,0,0
BRDA:49,5,1,0
BRF:12
BRH:1
end_of_record
TN:
SF:src/models/Pessoa.js
FN:21,(anonymous_0)
FN:25,(anonymous_1)
FN:42,(anonymous_2)
FN:52,(anonymous_3)
FN:57,(anonymous_4)
FN:61,(anonymous_5)
FN:66,(anonymous_6)
FN:70,(anonymous_7)
FN:75,(anonymous_8)
FN:79,(anonymous_9)
FN:84,(anonymous_10)
FN:88,(anonymous_11)
FNF:12
FNH:11
FNDA:14,(anonymous_0)
FNDA:1,(anonymous_1)
FNDA:1,(anonymous_2)
FNDA:0,(anonymous_3)
FNDA:4,(anonymous_4)
FNDA:2,(anonymous_5)
FNDA:2,(anonymous_6)
FNDA:1,(anonymous_7)
FNDA:2,(anonymous_8)
FNDA:1,(anonymous_9)
FNDA:2,(anonymous_10)
FNDA:1,(anonymous_11)
DA:1,2
DA:2,2
DA:8,2
DA:23,14
DA:25,1
DA:42,1
DA:52,2
DA:53,0
DA:57,2
DA:58,4
DA:61,2
DA:62,2
DA:63,2
DA:66,2
DA:67,2
DA:70,2
DA:71,1
DA:72,1
DA:75,2
DA:76,2
DA:79,2
DA:80,1
DA:81,1
DA:84,2
DA:85,2
DA:88,2
DA:89,1
DA:90,1
DA:94,2
DA:96,2
LF:30
LH:29
BRF:0
BRH:0
end_of_record
